{"/Users/LewiSaun/Documents/SideProjects/end-user-comments/src/service/get-comments.ts": {"path":"/Users/LewiSaun/Documents/SideProjects/end-user-comments/src/service/get-comments.ts","statementMap":{"0":{"start":{"line":1,"column":0},"end":{"line":1,"column":26}},"1":{"start":{"line":4,"column":12},"end":{"line":12,"column":2}},"2":{"start":{"line":4,"column":48},"end":{"line":12,"column":2}},"3":{"start":{"line":5,"column":4},"end":{"line":11,"column":5}},"4":{"start":{"line":6,"column":25},"end":{"line":6,"column":45}},"5":{"start":{"line":7,"column":8},"end":{"line":7,"column":29}},"6":{"start":{"line":10,"column":8},"end":{"line":10,"column":56}},"7":{"start":{"line":18,"column":27},"end":{"line":50,"column":2}},"8":{"start":{"line":22,"column":24},"end":{"line":50,"column":2}},"9":{"start":{"line":24,"column":29},"end":{"line":24,"column":51}},"10":{"start":{"line":25,"column":28},"end":{"line":25,"column":40}},"11":{"start":{"line":27,"column":16},"end":{"line":27,"column":63}},"12":{"start":{"line":28,"column":21},"end":{"line":28,"column":57}},"13":{"start":{"line":31,"column":27},"end":{"line":31,"column":42}},"14":{"start":{"line":34,"column":4},"end":{"line":41,"column":5}},"15":{"start":{"line":35,"column":28},"end":{"line":35,"column":83}},"16":{"start":{"line":36,"column":8},"end":{"line":40,"column":null}},"17":{"start":{"line":37,"column":12},"end":{"line":39,"column":15}},"18":{"start":{"line":38,"column":16},"end":{"line":38,"column":28}},"19":{"start":{"line":44,"column":28},"end":{"line":44,"column":76}},"20":{"start":{"line":46,"column":4},"end":{"line":49,"column":6}},"21":{"start":{"line":18,"column":13},"end":{"line":18,"column":27}}},"fnMap":{"0":{"name":"(anonymous_7)","decl":{"start":{"line":4,"column":12},"end":{"line":4,"column":19}},"loc":{"start":{"line":4,"column":48},"end":{"line":12,"column":2}}},"1":{"name":"(anonymous_8)","decl":{"start":{"line":4,"column":48},"end":{"line":4,"column":null}},"loc":{"start":{"line":4,"column":48},"end":{"line":12,"column":1}}},"2":{"name":"(anonymous_9)","decl":{"start":{"line":18,"column":27},"end":{"line":18,"column":34}},"loc":{"start":{"line":22,"column":24},"end":{"line":50,"column":2}}},"3":{"name":"(anonymous_10)","decl":{"start":{"line":22,"column":24},"end":{"line":22,"column":null}},"loc":{"start":{"line":22,"column":20},"end":{"line":50,"column":1}}},"4":{"name":"(anonymous_11)","decl":{"start":{"line":36,"column":21},"end":{"line":36,"column":22}},"loc":{"start":{"line":36,"column":40},"end":{"line":40,"column":9}}},"5":{"name":"(anonymous_12)","decl":{"start":{"line":37,"column":32},"end":{"line":37,"column":33}},"loc":{"start":{"line":37,"column":38},"end":{"line":39,"column":13}}}},"branchMap":{"0":{"loc":{"start":{"line":19,"column":2},"end":{"line":19,"column":10}},"type":"default-arg","locations":[{"start":{"line":19,"column":9},"end":{"line":19,"column":10}}]},"1":{"loc":{"start":{"line":20,"column":2},"end":{"line":20,"column":12}},"type":"default-arg","locations":[{"start":{"line":20,"column":10},"end":{"line":20,"column":12}}]},"2":{"loc":{"start":{"line":21,"column":2},"end":{"line":21,"column":11}},"type":"default-arg","locations":[{"start":{"line":21,"column":9},"end":{"line":21,"column":11}}]},"3":{"loc":{"start":{"line":34,"column":4},"end":{"line":41,"column":5}},"type":"if","locations":[{"start":{"line":34,"column":4},"end":{"line":41,"column":5}}]}},"s":{"0":1,"1":1,"2":7,"3":7,"4":7,"5":6,"6":1,"7":1,"8":7,"9":7,"10":7,"11":7,"12":7,"13":6,"14":6,"15":3,"16":3,"17":450,"18":600,"19":6,"20":6,"21":1},"f":{"0":7,"1":7,"2":7,"3":7,"4":450,"5":600},"b":{"0":[2],"1":[2],"2":[2],"3":[3]}}
}
