{"/Users/LewiSaun/Documents/SideProjects/end-user-comments/src/service/get-comments.ts": {"path":"/Users/LewiSaun/Documents/SideProjects/end-user-comments/src/service/get-comments.ts","statementMap":{"0":{"start":{"line":1,"column":0},"end":{"line":1,"column":26}},"1":{"start":{"line":4,"column":12},"end":{"line":10,"column":2}},"2":{"start":{"line":4,"column":34},"end":{"line":10,"column":2}},"3":{"start":{"line":5,"column":4},"end":{"line":9,"column":11}},"4":{"start":{"line":6,"column":28},"end":{"line":6,"column":41}},"5":{"start":{"line":8,"column":12},"end":{"line":8,"column":60}},"6":{"start":{"line":16,"column":27},"end":{"line":47,"column":2}},"7":{"start":{"line":20,"column":24},"end":{"line":47,"column":2}},"8":{"start":{"line":21,"column":29},"end":{"line":21,"column":51}},"9":{"start":{"line":22,"column":28},"end":{"line":22,"column":40}},"10":{"start":{"line":23,"column":16},"end":{"line":23,"column":63}},"11":{"start":{"line":24,"column":21},"end":{"line":24,"column":57}},"12":{"start":{"line":26,"column":4},"end":{"line":28,"column":5}},"13":{"start":{"line":27,"column":8},"end":{"line":27,"column":25}},"14":{"start":{"line":30,"column":35},"end":{"line":30,"column":60}},"15":{"start":{"line":33,"column":4},"end":{"line":40,"column":5}},"16":{"start":{"line":34,"column":28},"end":{"line":34,"column":83}},"17":{"start":{"line":35,"column":8},"end":{"line":39,"column":null}},"18":{"start":{"line":36,"column":12},"end":{"line":38,"column":15}},"19":{"start":{"line":37,"column":16},"end":{"line":37,"column":28}},"20":{"start":{"line":42,"column":4},"end":{"line":46,"column":6}},"21":{"start":{"line":44,"column":42},"end":{"line":44,"column":97}},"22":{"start":{"line":16,"column":13},"end":{"line":16,"column":27}}},"fnMap":{"0":{"name":"(anonymous_7)","decl":{"start":{"line":4,"column":12},"end":{"line":4,"column":19}},"loc":{"start":{"line":4,"column":34},"end":{"line":10,"column":2}}},"1":{"name":"(anonymous_8)","decl":{"start":{"line":4,"column":34},"end":{"line":4,"column":null}},"loc":{"start":{"line":4,"column":34},"end":{"line":10,"column":1}}},"2":{"name":"(anonymous_9)","decl":{"start":{"line":6,"column":14},"end":{"line":6,"column":15}},"loc":{"start":{"line":6,"column":28},"end":{"line":6,"column":41}}},"3":{"name":"(anonymous_10)","decl":{"start":{"line":7,"column":15},"end":{"line":7,"column":16}},"loc":{"start":{"line":7,"column":25},"end":{"line":9,"column":9}}},"4":{"name":"(anonymous_11)","decl":{"start":{"line":16,"column":27},"end":{"line":16,"column":34}},"loc":{"start":{"line":20,"column":24},"end":{"line":47,"column":2}}},"5":{"name":"(anonymous_12)","decl":{"start":{"line":20,"column":24},"end":{"line":20,"column":null}},"loc":{"start":{"line":20,"column":20},"end":{"line":47,"column":1}}},"6":{"name":"(anonymous_13)","decl":{"start":{"line":35,"column":21},"end":{"line":35,"column":22}},"loc":{"start":{"line":35,"column":40},"end":{"line":39,"column":9}}},"7":{"name":"(anonymous_14)","decl":{"start":{"line":36,"column":32},"end":{"line":36,"column":33}},"loc":{"start":{"line":36,"column":38},"end":{"line":38,"column":13}}},"8":{"name":"(anonymous_15)","decl":{"start":{"line":44,"column":32},"end":{"line":44,"column":33}},"loc":{"start":{"line":44,"column":42},"end":{"line":44,"column":97}}}},"branchMap":{"0":{"loc":{"start":{"line":17,"column":2},"end":{"line":17,"column":10}},"type":"default-arg","locations":[{"start":{"line":17,"column":9},"end":{"line":17,"column":10}}]},"1":{"loc":{"start":{"line":18,"column":2},"end":{"line":18,"column":12}},"type":"default-arg","locations":[{"start":{"line":18,"column":10},"end":{"line":18,"column":12}}]},"2":{"loc":{"start":{"line":19,"column":2},"end":{"line":19,"column":11}},"type":"default-arg","locations":[{"start":{"line":19,"column":9},"end":{"line":19,"column":11}}]},"3":{"loc":{"start":{"line":26,"column":4},"end":{"line":28,"column":5}},"type":"if","locations":[{"start":{"line":26,"column":4},"end":{"line":28,"column":5}}]},"4":{"loc":{"start":{"line":33,"column":4},"end":{"line":40,"column":5}},"type":"if","locations":[{"start":{"line":33,"column":4},"end":{"line":40,"column":5}}]},"5":{"loc":{"start":{"line":44,"column":42},"end":{"line":44,"column":97}},"type":"binary-expr","locations":[{"start":{"line":44,"column":42},"end":{"line":44,"column":68}},{"start":{"line":44,"column":72},"end":{"line":44,"column":97}}]}},"s":{"0":1,"1":1,"2":7,"3":7,"4":6,"5":1,"6":1,"7":7,"8":7,"9":7,"10":7,"11":7,"12":6,"13":0,"14":6,"15":6,"16":3,"17":3,"18":450,"19":600,"20":6,"21":900,"22":1},"f":{"0":7,"1":7,"2":6,"3":1,"4":7,"5":7,"6":450,"7":600,"8":900},"b":{"0":[2],"1":[2],"2":[2],"3":[0],"4":[3],"5":[900,850]}}
}
