TN:
SF:src/service/get-comments.ts
FN:4,(anonymous_7)
FN:4,(anonymous_8)
FN:18,(anonymous_9)
FN:22,(anonymous_10)
FN:36,(anonymous_11)
FN:37,(anonymous_12)
FNF:6
FNH:6
FNDA:7,(anonymous_7)
FNDA:7,(anonymous_8)
FNDA:7,(anonymous_9)
FNDA:7,(anonymous_10)
FNDA:450,(anonymous_11)
FNDA:600,(anonymous_12)
DA:1,1
DA:4,7
DA:5,7
DA:6,7
DA:7,6
DA:10,1
DA:18,1
DA:22,7
DA:24,7
DA:25,7
DA:27,7
DA:28,7
DA:31,6
DA:34,6
DA:35,3
DA:36,3
DA:37,450
DA:38,600
DA:44,6
DA:46,6
LF:20
LH:20
BRDA:19,0,0,2
BRDA:20,1,0,2
BRDA:21,2,0,2
BRDA:34,3,0,3
BRF:4
BRH:4
end_of_record
