TN:
SF:src/service/get-comments.ts
FN:4,(anonymous_7)
FN:4,(anonymous_8)
FN:6,(anonymous_9)
FN:7,(anonymous_10)
FN:16,(anonymous_11)
FN:20,(anonymous_12)
FN:35,(anonymous_13)
FN:36,(anonymous_14)
FN:44,(anonymous_15)
FNF:9
FNH:9
FNDA:7,(anonymous_7)
FNDA:7,(anonymous_8)
FNDA:6,(anonymous_9)
FNDA:1,(anonymous_10)
FNDA:7,(anonymous_11)
FNDA:7,(anonymous_12)
FNDA:450,(anonymous_13)
FNDA:600,(anonymous_14)
FNDA:900,(anonymous_15)
DA:1,1
DA:4,7
DA:5,7
DA:6,6
DA:8,1
DA:16,1
DA:20,7
DA:21,7
DA:22,7
DA:23,7
DA:24,7
DA:26,6
DA:27,0
DA:30,6
DA:33,6
DA:34,3
DA:35,3
DA:36,450
DA:37,600
DA:42,6
DA:44,900
LF:21
LH:20
BRDA:17,0,0,2
BRDA:18,1,0,2
BRDA:19,2,0,2
BRDA:26,3,0,0
BRDA:33,4,0,3
BRDA:44,5,0,900
BRDA:44,5,1,850
BRF:7
BRH:6
end_of_record
